<?xml version="1.0" encoding="UTF-8"?>
<!-- Generated by org.testng.reporters.JUnitReportReporter -->
<testsuite hostname="DESKTOP-HB6S9PF" failures="0" tests="1" name="com.test.Test_AddNewCustomer" time="10.391" errors="0" timestamp="2022-08-05T16:00:25 IST" skipped="0">
  <testcase classname="com.test.Test_AddNewCustomer" name="verify_AddNewCustomer" time="10.391"/>
  <system-out/>
</testsuite> <!-- com.test.Test_AddNewCustomer -->
